Determining if the pthread_create exist failed with the following output:
Change Dir: /workspace/my_samples/sample_onnx/build/CMakeFiles/CMakeTmp

Run Build Command(s):/usr/bin/make cmTC_25ad9/fast 
/usr/bin/make -f CMakeFiles/cmTC_25ad9.dir/build.make CMakeFiles/cmTC_25ad9.dir/build
make[1]: Entering directory '/workspace/my_samples/sample_onnx/build/CMakeFiles/CMakeTmp'
Building CXX object CMakeFiles/cmTC_25ad9.dir/CheckSymbolExists.cxx.o
/usr/bin/g++-7    -std=gnu++14 -o CMakeFiles/cmTC_25ad9.dir/CheckSymbolExists.cxx.o -c /workspace/my_samples/sample_onnx/build/CMakeFiles/CMakeTmp/CheckSymbolExists.cxx
Linking CXX executable cmTC_25ad9
/usr/local/bin/cmake -E cmake_link_script CMakeFiles/cmTC_25ad9.dir/link.txt --verbose=1
/usr/bin/g++-7       CMakeFiles/cmTC_25ad9.dir/CheckSymbolExists.cxx.o  -o cmTC_25ad9 
CMakeFiles/cmTC_25ad9.dir/CheckSymbolExists.cxx.o: In function `main':
CheckSymbolExists.cxx:(.text+0x1b): undefined reference to `pthread_create'
collect2: error: ld returned 1 exit status
CMakeFiles/cmTC_25ad9.dir/build.make:86: recipe for target 'cmTC_25ad9' failed
make[1]: *** [cmTC_25ad9] Error 1
make[1]: Leaving directory '/workspace/my_samples/sample_onnx/build/CMakeFiles/CMakeTmp'
Makefile:121: recipe for target 'cmTC_25ad9/fast' failed
make: *** [cmTC_25ad9/fast] Error 2

File /workspace/my_samples/sample_onnx/build/CMakeFiles/CMakeTmp/CheckSymbolExists.cxx:
/* */
#include <pthread.h>

int main(int argc, char** argv)
{
  (void)argv;
#ifndef pthread_create
  return ((int*)(&pthread_create))[argc];
#else
  (void)argc;
  return 0;
#endif
}

Determining if the function pthread_create exists in the pthreads failed with the following output:
Change Dir: /workspace/my_samples/sample_onnx/build/CMakeFiles/CMakeTmp

Run Build Command(s):/usr/bin/make cmTC_c6a0b/fast 
/usr/bin/make -f CMakeFiles/cmTC_c6a0b.dir/build.make CMakeFiles/cmTC_c6a0b.dir/build
make[1]: Entering directory '/workspace/my_samples/sample_onnx/build/CMakeFiles/CMakeTmp'
Building CXX object CMakeFiles/cmTC_c6a0b.dir/CheckFunctionExists.cxx.o
/usr/bin/g++-7    -DCHECK_FUNCTION_EXISTS=pthread_create   -std=gnu++14 -o CMakeFiles/cmTC_c6a0b.dir/CheckFunctionExists.cxx.o -c /workspace/my_samples/sample_onnx/build/CMakeFiles/CheckLibraryExists/CheckFunctionExists.cxx
Linking CXX executable cmTC_c6a0b
/usr/local/bin/cmake -E cmake_link_script CMakeFiles/cmTC_c6a0b.dir/link.txt --verbose=1
/usr/bin/g++-7   -DCHECK_FUNCTION_EXISTS=pthread_create    CMakeFiles/cmTC_c6a0b.dir/CheckFunctionExists.cxx.o  -o cmTC_c6a0b -lpthreads 
/usr/bin/ld: cannot find -lpthreads
collect2: error: ld returned 1 exit status
CMakeFiles/cmTC_c6a0b.dir/build.make:86: recipe for target 'cmTC_c6a0b' failed
make[1]: *** [cmTC_c6a0b] Error 1
make[1]: Leaving directory '/workspace/my_samples/sample_onnx/build/CMakeFiles/CMakeTmp'
Makefile:121: recipe for target 'cmTC_c6a0b/fast' failed
make: *** [cmTC_c6a0b/fast] Error 2


Determining if the pthread_create exist failed with the following output:
Change Dir: /vscode/sample_onnx/build/CMakeFiles/CMakeTmp

Run Build Command(s):/opt/conda/bin/ninja cmTC_96833 
[1/2] Building CXX object CMakeFiles/cmTC_96833.dir/CheckSymbolExists.cxx.o
[2/2] Linking CXX executable cmTC_96833
FAILED: cmTC_96833 
: && /usr/bin/g++-7     CMakeFiles/cmTC_96833.dir/CheckSymbolExists.cxx.o  -o cmTC_96833   && :
CMakeFiles/cmTC_96833.dir/CheckSymbolExists.cxx.o: In function `main':
CheckSymbolExists.cxx:(.text+0x1b): undefined reference to `pthread_create'
collect2: error: ld returned 1 exit status
ninja: build stopped: subcommand failed.

File /vscode/sample_onnx/build/CMakeFiles/CMakeTmp/CheckSymbolExists.cxx:
/* */
#include <pthread.h>

int main(int argc, char** argv)
{
  (void)argv;
#ifndef pthread_create
  return ((int*)(&pthread_create))[argc];
#else
  (void)argc;
  return 0;
#endif
}

Determining if the function pthread_create exists in the pthreads failed with the following output:
Change Dir: /vscode/sample_onnx/build/CMakeFiles/CMakeTmp

Run Build Command(s):/opt/conda/bin/ninja cmTC_8d43b 
[1/2] Building CXX object CMakeFiles/cmTC_8d43b.dir/CheckFunctionExists.cxx.o
[2/2] Linking CXX executable cmTC_8d43b
FAILED: cmTC_8d43b 
: && /usr/bin/g++-7  -DCHECK_FUNCTION_EXISTS=pthread_create   CMakeFiles/cmTC_8d43b.dir/CheckFunctionExists.cxx.o  -o cmTC_8d43b  -lpthreads && :
/usr/bin/ld: cannot find -lpthreads
collect2: error: ld returned 1 exit status
ninja: build stopped: subcommand failed.


